Vivado Simulator 2017.2
Copyright 1986-1999, 2001-2016 Xilinx, Inc. All Rights Reserved.
Running: C:/Xilinx/Vivado/2017.2/bin/unwrapped/win64.o/xelab.exe -wto ac9c15a52f1f408391f00d8a35bf3779 --debug typical --relax --mt 2 -L xil_defaultlib -L secureip -L xpm --snapshot sigmoid_tb_behav xil_defaultlib.sigmoid_tb -log elaborate.log 
Using 2 slave threads.
Starting static elaboration
Completed static elaboration
Starting simulation data flow analysis
Completed simulation data flow analysis
Time Resolution for simulation is 1ps
Compiling package std.standard
Compiling package std.textio
Compiling package ieee.std_logic_1164
Compiling package ieee.numeric_std
Compiling package xil_defaultlib.package_sigmoid
Compiling package xil_defaultlib.package_cm
Compiling architecture behavioral of entity xil_defaultlib.sigmoid_controller [sigmoid_controller_default]
Compiling architecture behavioral of entity xil_defaultlib.mux_left [mux_left_default]
Compiling architecture behavioral of entity xil_defaultlib.dp_sig_left [dp_sig_left_default]
Compiling architecture behavioral of entity xil_defaultlib.controller_sig_left [controller_sig_left_default]
Compiling architecture behavioral of entity xil_defaultlib.sig_left [sig_left_default]
Compiling architecture behavioral of entity xil_defaultlib.mux_midd [mux_midd_default]
Compiling architecture behavioral of entity xil_defaultlib.registro [registro_default]
Compiling architecture behavioral of entity xil_defaultlib.dp_sig_midd [dp_sig_midd_default]
Compiling architecture behavioral of entity xil_defaultlib.controller_sig_midd [controller_sig_midd_default]
Compiling architecture behavioral of entity xil_defaultlib.sig_midd [sig_midd_default]
Compiling architecture behavioral of entity xil_defaultlib.mux_right [mux_right_default]
Compiling architecture behavioral of entity xil_defaultlib.dp_sig_right [dp_sig_right_default]
Compiling architecture behavioral of entity xil_defaultlib.controller_sig_right [controller_sig_right_default]
Compiling architecture behavioral of entity xil_defaultlib.sig_right [sig_right_default]
Compiling architecture behavioral of entity xil_defaultlib.mult_controller [mult_controller_default]
Compiling architecture behavioral of entity xil_defaultlib.PISO_M [piso_m_default]
Compiling architecture behavioral of entity xil_defaultlib.PIPO [pipo_default]
Compiling architecture behavioral of entity xil_defaultlib.PISO_N [piso_n_default]
Compiling architecture behavioral of entity xil_defaultlib.and2 [and2_default]
Compiling architecture behavioral of entity xil_defaultlib.xor3 [xor3_default]
Compiling architecture behavioral of entity xil_defaultlib.full_adder [full_adder_default]
Compiling architecture behavioral of entity xil_defaultlib.FF_D [ff_d_default]
Compiling architecture behavioral of entity xil_defaultlib.PE [pe_default]
Compiling architecture behavioral of entity xil_defaultlib.bit4_multiplier_PEs [bit4_multiplier_pes_default]
Compiling architecture behavioral of entity xil_defaultlib.mux_select [mux_select_default]
Compiling architecture behavioral of entity xil_defaultlib.SIPO [sipo_default]
Compiling architecture behavioral of entity xil_defaultlib.fa_block [fa_block_default]
Compiling architecture behavioral of entity xil_defaultlib.configurable_multiplier [configurable_multiplier_default]
Compiling architecture behavioral of entity xil_defaultlib.sig_mux [sig_mux_default]
Compiling architecture behavioral of entity xil_defaultlib.sig_mux_2 [sig_mux_2_default]
Compiling architecture behavioral of entity xil_defaultlib.sigmoid [sigmoid_default]
Compiling architecture behavioral of entity xil_defaultlib.sigmoid_tb
Built simulation snapshot sigmoid_tb_behav
