Unable to capture context for thread 9200 in process 13120, can not generate back trace
Exception at PC 0x00007FF91DD7BB93
Printing stacktrace...

[0]  [0x00007FF91DD7BB93]
[1]  [0x00007FF91DD7BB93]
[2]  [0x00007FF91DD7B4A1]
[3]  [0x00007FF91DD7B3EF]
[4]  [0x00007FF91DD619FE]
[5]  [0x00007FF91DD60ED1]
[6]  [0x00007FF91DD60D76]
[7]  [0x00007FF91DD079F6]
[8]  [0x00007FF91DCF7AFB]
[9]  [0x00007FF91DE1E90A]
[10]  [0x00007FF91DE39F87]
[11]  [0x00007FF91DE3A05F]
[12] (BaseThreadInitThunk+0x14) [0x00007FF9A83A7034]
[13] (RtlUserThreadStart+0x21) [0x00007FF9A8F5D0D1]
Done
Exception at PC 0x00007FF91DA81A52
Attemped to write at address 0x00007FF9615AABA4
Printing stacktrace...

[0]  [0x00007FF91DA81A52]
[1]  [0x00007FF91DA81A52]
[2]  [0x00007FF91DA81AD4]
[3]  [0x00007FF91DBC3FF7]
[4]  [0x00007FF91DAA9128]
[5]  [0x00007FF91DD5DFB9]
[6]  [0x00007FF91DF2EF23]
[7]  [0x00007FF91DE3B06B]
[8]  [0x00007FF91DE308AF]
[9]  [0x00007FF91DE30A32]
[10] (RtlActivateActivationContextUnsafeFast+0x11d) [0x00007FF9A8F47CAD]
[11] (LdrShutdownProcess+0x141) [0x00007FF9A8F73FF1]
[12] (RtlExitUserProcess+0xad) [0x00007FF9A8F73E8D]
[13] (FatalExit+0xb) [0x00007FF9A83AE0AB]
[14] (exit+0x85) [0x00007FF9A8E4A155]
[15] (initterm_e+0x245) [0x00007FF9A8E4A7C5]
[16]  [0x00000000004014CD]
[17]  [0x000000000040151B]
[18] (BaseThreadInitThunk+0x14) [0x00007FF9A83A7034]
[19] (RtlUserThreadStart+0x21) [0x00007FF9A8F5D0D1]
Done
