Vivado Simulator 2017.2
Copyright 1986-1999, 2001-2016 Xilinx, Inc. All Rights Reserved.
Running: C:/Xilinx/Vivado/2017.2/bin/unwrapped/win64.o/xelab.exe -wto 0f18eb9230bd4ac193df06178bca73c1 --debug typical --relax --mt 2 -L xil_defaultlib -L secureip -L xpm --snapshot configurable_multiplier_tb_behav xil_defaultlib.configurable_multiplier_tb -log elaborate.log 
Using 2 slave threads.
Starting static elaboration
Completed static elaboration
Starting simulation data flow analysis
Completed simulation data flow analysis
Time Resolution for simulation is 1ps
Compiling package std.standard
Compiling package std.textio
Compiling package ieee.std_logic_1164
Compiling package ieee.numeric_std
Compiling package xil_defaultlib.package_cm
Compiling architecture behavioral of entity xil_defaultlib.mult_controller [mult_controller_default]
Compiling architecture behavioral of entity xil_defaultlib.PISO_M [piso_m_default]
Compiling architecture behavioral of entity xil_defaultlib.PIPO [pipo_default]
Compiling architecture behavioral of entity xil_defaultlib.PISO_N [piso_n_default]
Compiling architecture behavioral of entity xil_defaultlib.and2 [and2_default]
Compiling architecture behavioral of entity xil_defaultlib.xor3 [xor3_default]
Compiling architecture behavioral of entity xil_defaultlib.full_adder [full_adder_default]
Compiling architecture behavioral of entity xil_defaultlib.FF_D [ff_d_default]
Compiling architecture behavioral of entity xil_defaultlib.PE [pe_default]
Compiling architecture behavioral of entity xil_defaultlib.bit4_multiplier_PEs [bit4_multiplier_pes_default]
Compiling architecture behavioral of entity xil_defaultlib.mux_select [mux_select_default]
Compiling architecture behavioral of entity xil_defaultlib.SIPO [sipo_default]
Compiling architecture behavioral of entity xil_defaultlib.fa_block [fa_block_default]
Compiling architecture behavioral of entity xil_defaultlib.configurable_multiplier [configurable_multiplier_default]
Compiling architecture behavioral of entity xil_defaultlib.configurable_multiplier_tb
Built simulation snapshot configurable_multiplier_tb_behav
